==15373== Memcheck, a memory error detector
==15373== Copyright (C) 2002-2017, and GNU GPL'd, by Julian Seward et al.
==15373== Using Valgrind-3.18.1 and LibVEX; rerun with -h for copyright info
==15373== Command: ./minishell
==15373== Parent PID: 15367
==15373== 
==15373== 
==15373== HEAP SUMMARY:
==15373==     in use at exit: 208,276 bytes in 250 blocks
==15373==   total heap usage: 609 allocs, 359 frees, 238,400 bytes allocated
==15373== 
==15373== 2 bytes in 2 blocks are definitely lost in loss record 1 of 68
==15373==    at 0x4848899: malloc (in /usr/libexec/valgrind/vgpreload_memcheck-amd64-linux.so)
==15373==    by 0x10F4FE: ft_calloc (ft_calloc.c:19)
==15373==    by 0x10B060: var_to_value (var_to_value.c:79)
==15373==    by 0x10B21A: expand_var_tokens (expand_var_tokens.c:27)
==15373==    by 0x109E0D: tokens_init (split_tokens.c:72)
==15373==    by 0x109A1D: lexer (lexer.c:11)
==15373==    by 0x10982E: waiting_for_input (minishell.c:102)
==15373==    by 0x10999F: main (minishell.c:128)
==15373== 
==15373== 22 bytes in 11 blocks are definitely lost in loss record 14 of 68
==15373==    at 0x4848899: malloc (in /usr/libexec/valgrind/vgpreload_memcheck-amd64-linux.so)
==15373==    by 0x10F38C: ft_substr (ft_substr.c:25)
==15373==    by 0x10B127: var_to_value (var_to_value.c:97)
==15373==    by 0x10B21A: expand_var_tokens (expand_var_tokens.c:27)
==15373==    by 0x109E0D: tokens_init (split_tokens.c:72)
==15373==    by 0x109A1D: lexer (lexer.c:11)
==15373==    by 0x10982E: waiting_for_input (minishell.c:102)
==15373==    by 0x10999F: main (minishell.c:128)
==15373== 
==15373== 36 bytes in 9 blocks are definitely lost in loss record 17 of 68
==15373==    at 0x4848899: malloc (in /usr/libexec/valgrind/vgpreload_memcheck-amd64-linux.so)
==15373==    by 0x10EEF7: ft_strjoin (ft_strjoin.c:21)
==15373==    by 0x10B139: var_to_value (var_to_value.c:97)
==15373==    by 0x10B21A: expand_var_tokens (expand_var_tokens.c:27)
==15373==    by 0x109E0D: tokens_init (split_tokens.c:72)
==15373==    by 0x109A1D: lexer (lexer.c:11)
==15373==    by 0x10982E: waiting_for_input (minishell.c:102)
==15373==    by 0x10999F: main (minishell.c:128)
==15373== 
==15373== LEAK SUMMARY:
==15373==    definitely lost: 60 bytes in 22 blocks
==15373==    indirectly lost: 0 bytes in 0 blocks
==15373==      possibly lost: 0 bytes in 0 blocks
==15373==    still reachable: 0 bytes in 0 blocks
==15373==         suppressed: 208,216 bytes in 228 blocks
==15373== 
==15373== ERROR SUMMARY: 3 errors from 3 contexts (suppressed: 2 from 2)
--15373-- 
--15373-- used_suppression:     64 leak readline sup:10 suppressed: 204,200 bytes in 227 blocks
--15373-- used_suppression:      1 leak add_history sup:16 suppressed: 4,016 bytes in 1 blocks
==15373== 
==15373== ERROR SUMMARY: 3 errors from 3 contexts (suppressed: 2 from 2)
